<?xml version="1.0" encoding="UTF-8"?>
<testng-results skipped="0" failed="0" ignored="0" total="1" passed="1">
  <reporter-output>
  </reporter-output>
  <suite name="\NewProjectGuru99" duration-ms="14273" started-at="2020-05-05T13:10:54 SGT" finished-at="2020-05-05T13:11:08 SGT">
    <groups>
    </groups>
    <test name="BankingApp Test" duration-ms="14273" started-at="2020-05-05T13:10:54 SGT" finished-at="2020-05-05T13:11:08 SGT">
      <class name="com.inetbaning.Testcases.TC_LoginTest_001">
        <test-method status="PASS" signature="setUp(java.lang.String)[pri:0, instance:com.inetbaning.Testcases.TC_LoginTest_001@3b088d51]" name="setUp" is-config="true" duration-ms="10729" started-at="2020-05-05T13:10:54 SGT" finished-at="2020-05-05T13:11:05 SGT">
          <params>
            <param index="0">
              <value>
                <![CDATA[chrome]]>
              </value>
            </param>
          </params>
          <reporter-output>
          </reporter-output>
        </test-method> <!-- setUp -->
        <test-method status="PASS" signature="LoginTest()[pri:0, instance:com.inetbaning.Testcases.TC_LoginTest_001@3b088d51]" name="LoginTest" duration-ms="2342" started-at="2020-05-05T13:11:05 SGT" finished-at="2020-05-05T13:11:07 SGT">
          <reporter-output>
          </reporter-output>
        </test-method> <!-- LoginTest -->
        <test-method status="PASS" signature="tearDown()[pri:0, instance:com.inetbaning.Testcases.TC_LoginTest_001@3b088d51]" name="tearDown" is-config="true" duration-ms="898" started-at="2020-05-05T13:11:08 SGT" finished-at="2020-05-05T13:11:08 SGT">
          <reporter-output>
          </reporter-output>
        </test-method> <!-- tearDown -->
      </class> <!-- com.inetbaning.Testcases.TC_LoginTest_001 -->
    </test> <!-- BankingApp Test -->
  </suite> <!-- \NewProjectGuru99 -->
</testng-results>
